<?xml version="1.0" encoding="UTF-8"?>
<!-- Generated by org.testng.reporters.JUnitReportReporter -->
<testsuite hostname="DESKTOP-GEENAQU" failures="0" tests="1" name="theinternet.herokuapp.MultipleWindowsTest" time="5.658" errors="0" timestamp="2024-09-17T15:48:07 IST" skipped="0">
  <testcase classname="theinternet.herokuapp.MultipleWindowsTest" name="testMultipleWindows" time="5.658"/>
</testsuite> <!-- theinternet.herokuapp.MultipleWindowsTest -->
