<?xml version="1.0" encoding="UTF-8"?>
<!-- Generated by org.testng.reporters.JUnitReportReporter -->
<testsuite hostname="DESKTOP-GEENAQU" failures="0" tests="1" name="theinternet.herokuapp.DynamicContentTest" time="5.188" errors="0" timestamp="2024-09-17T15:48:07 IST" skipped="0">
  <testcase classname="theinternet.herokuapp.DynamicContentTest" name="testDynamicContent" time="5.188"/>
</testsuite> <!-- theinternet.herokuapp.DynamicContentTest -->
