<?xml version="1.0" encoding="UTF-8"?>
<!-- Generated by org.testng.reporters.JUnitReportReporter -->
<testsuite hostname="DESKTOP-GEENAQU" failures="0" tests="2" name="theinternet.herokuapp.DigestAuthTest" time="7.988" errors="0" timestamp="2024-09-17T15:48:07 IST" skipped="0">
  <testcase classname="theinternet.herokuapp.DigestAuthTest" name="testDigestAuthWithCorrectCredentials" time="5.152"/>
  <testcase classname="theinternet.herokuapp.DigestAuthTest" name="testDigestAuthWithIncorrectCredentials" time="2.836"/>
</testsuite> <!-- theinternet.herokuapp.DigestAuthTest -->
