<?xml version="1.0" encoding="UTF-8"?>
<!-- Generated by org.testng.reporters.JUnitReportReporter -->
<testsuite hostname="DESKTOP-GEENAQU" failures="0" tests="1" name="theinternet.herokuapp.ContextMenuTest" time="5.421" errors="0" timestamp="2024-09-17T15:48:07 IST" skipped="0">
  <testcase classname="theinternet.herokuapp.ContextMenuTest" name="testContextMenu" time="5.421"/>
</testsuite> <!-- theinternet.herokuapp.ContextMenuTest -->
