<?xml version="1.0" encoding="UTF-8"?>
<!-- Generated by org.testng.reporters.JUnitReportReporter -->
<testsuite hostname="DESKTOP-GEENAQU" failures="0" tests="1" name="theinternet.herokuapp.SortableDataTablesTest" time="4.675" errors="0" timestamp="2024-09-17T15:48:07 IST" skipped="0">
  <testcase classname="theinternet.herokuapp.SortableDataTablesTest" name="testSortableDataTables" time="4.675"/>
</testsuite> <!-- theinternet.herokuapp.SortableDataTablesTest -->
