<?xml version="1.0" encoding="UTF-8"?>
<!-- Generated by org.testng.reporters.JUnitReportReporter -->
<testsuite hostname="DESKTOP-GEENAQU" failures="0" tests="5" name="theinternet.herokuapp.AddRemoveElements" time="24.250" errors="0" timestamp="2024-09-17T15:48:07 IST" skipped="0">
  <testcase classname="theinternet.herokuapp.AddRemoveElements" name="verifyRemoveElementFunctionality" time="4.687"/>
  <testcase classname="theinternet.herokuapp.AddRemoveElements" name="verifyRemoveButtonWithNoElements" time="4.317"/>
  <testcase classname="theinternet.herokuapp.AddRemoveElements" name="verifyNoDeleteButtonWithoutAddingElement" time="5.008"/>
  <testcase classname="theinternet.herokuapp.AddRemoveElements" name="verifyMultipleElementsAddition" time="5.348"/>
  <testcase classname="theinternet.herokuapp.AddRemoveElements" name="verifyAddElementFunctionality" time="4.890"/>
</testsuite> <!-- theinternet.herokuapp.AddRemoveElements -->
