<?xml version="1.0" encoding="UTF-8"?>
<!-- Generated by org.testng.reporters.JUnitReportReporter -->
<testsuite hostname="DESKTOP-GEENAQU" failures="0" tests="1" name="theinternet.herokuapp.JavaScriptAlertsTest" time="5.008" errors="0" timestamp="2024-09-17T15:48:07 IST" skipped="0">
  <testcase classname="theinternet.herokuapp.JavaScriptAlertsTest" name="testJavaScriptAlert" time="5.008"/>
</testsuite> <!-- theinternet.herokuapp.JavaScriptAlertsTest -->
